<?xml version="1.0" encoding="UTF-8"?>
<!-- Generated by org.testng.reporters.JUnitReportReporter -->
<testsuite hostname="DESKTOP-FBKAV6U" failures="0" tests="1" name="TestCase.TC_08" time="72.941" errors="0" timestamp="2023-06-27T09:29:31 IST" skipped="0">
  <testcase classname="TestCase.TC_08" name="LeadWithMandatoryPage" time="72.941"/>
  <system-out/>
</testsuite> <!-- TestCase.TC_08 -->
