<?xml version="1.0" encoding="UTF-8"?>
<!-- Generated by org.testng.reporters.JUnitReportReporter -->
<testsuite hostname="DESKTOP-FBKAV6U" failures="0" tests="1" name="testCase.TC_01" time="120.380" errors="0" timestamp="2023-07-01T09:40:52 IST" skipped="0">
  <testcase classname="testCase.TC_01" name="newOrganizationCreation" time="120.380"/>
  <system-out/>
</testsuite> <!-- testCase.TC_01 -->
