<?xml version="1.0" encoding="UTF-8"?>
<!-- Generated by org.testng.reporters.JUnitReportReporter -->
<testsuite hostname="DESKTOP-FBKAV6U" failures="0" tests="1" name="testCase.TC_07" time="45.837" errors="0" timestamp="2023-07-01T19:20:32 IST" skipped="0">
  <testcase classname="testCase.TC_07" name="ceateEvenetTestcase" time="45.837"/>
  <system-out/>
</testsuite> <!-- testCase.TC_07 -->
