<?xml version="1.0" encoding="UTF-8"?>
<!-- Generated by org.testng.reporters.JUnitReportReporter -->
<testsuite hostname="DESKTOP-FBKAV6U" failures="0" tests="1" name="organizationPage.TC_05" time="76.925" errors="0" timestamp="2023-06-24T09:19:44 IST" skipped="0">
  <testcase classname="organizationPage.TC_05" name="creatingOrgPage" time="76.925"/>
  <system-out/>
</testsuite> <!-- organizationPage.TC_05 -->
