<?xml version="1.0" encoding="UTF-8"?>
<!-- Generated by org.testng.reporters.JUnitReportReporter -->
<testsuite hostname="DESKTOP-FBKAV6U" failures="0" tests="1" name="testCase.TC_02" time="139.552" errors="0" timestamp="2023-07-01T09:11:28 IST" skipped="0">
  <testcase classname="testCase.TC_02" name="newOrganizationCreationwithIndustryAndType" time="139.552"/>
  <system-out/>
</testsuite> <!-- testCase.TC_02 -->
