<?xml version="1.0" encoding="UTF-8"?>
<!-- Generated by org.testng.reporters.JUnitReportReporter -->
<testsuite hostname="DESKTOP-FBKAV6U" failures="0" tests="1" name="testCase.TC_03" time="100.156" errors="0" timestamp="2023-07-01T10:01:44 IST" skipped="0">
  <testcase classname="testCase.TC_03" name="newContactCreation" time="100.156"/>
  <system-out/>
</testsuite> <!-- testCase.TC_03 -->
