<?xml version="1.0" encoding="UTF-8"?>
<!-- Generated by org.testng.reporters.JUnitReportReporter -->
<testsuite hostname="DESKTOP-FBKAV6U" failures="0" tests="1" name="TestCase.TC_09" time="57.694" errors="0" timestamp="2023-06-29T09:50:12 IST" skipped="0">
  <testcase classname="TestCase.TC_09" name="NewEvent" time="57.694"/>
  <system-out/>
</testsuite> <!-- TestCase.TC_09 -->
