<?xml version="1.0" encoding="UTF-8"?>
<!-- Generated by org.testng.reporters.JUnitReportReporter -->
<testsuite hostname="DESKTOP-FBKAV6U" failures="0" tests="1" name="testCase.TC_06" time="93.657" errors="0" timestamp="2023-07-01T18:00:05 IST" skipped="0">
  <testcase classname="testCase.TC_06" name="newLeadCreationAndDuplicationAndDeletion" time="93.657"/>
  <system-out/>
</testsuite> <!-- testCase.TC_06 -->
