<?xml version="1.0" encoding="UTF-8"?>
<!-- Generated by org.testng.reporters.JUnitReportReporter -->
<testsuite hostname="DESKTOP-FBKAV6U" failures="0" tests="1" name="testCase.TC_04" time="96.551" errors="0" timestamp="2023-07-01T12:11:29 IST" skipped="0">
  <testcase classname="testCase.TC_04" name="newContactCreationWithExistingOrganization" time="96.551"/>
  <system-out/>
</testsuite> <!-- testCase.TC_04 -->
