<?xml version="1.0" encoding="UTF-8"?>
<!-- Generated by org.testng.reporters.JUnitReportReporter -->
<testsuite hostname="DESKTOP-FBKAV6U" failures="0" tests="1" name="testCase.TC_05" time="100.448" errors="0" timestamp="2023-07-01T12:26:27 IST" skipped="0">
  <testcase classname="testCase.TC_05" name="newLeadCreation" time="100.448"/>
  <system-out/>
</testsuite> <!-- testCase.TC_05 -->
